[15:52:13] [main/INFO] [GradleStart]: No arguments specified, assuming client.
[15:52:13] [main/INFO] [GradleStart]: Extra: []
[15:52:13] [main/INFO] [GradleStart]: Setting up virtual assets in: C:\Documents and Settings\daniel\.gradle\caches\minecraft\assets\virtual\legacy
[15:52:43] [main/INFO] [GradleStart]: Running with arguments: [--userProperties, {}, --username, ForgeDevName, --tweakClass, cpw.mods.fml.common.launcher.FMLTweaker, --accessToken, {REDACTED}, --assetIndex, legacy, --assetsDir, C:\Documents and Settings\daniel\.gradle\caches\minecraft\assets\virtual\legacy, --version, 1.7.2]
[15:52:43] [main/INFO] [LaunchWrapper]: Loading tweak class name cpw.mods.fml.common.launcher.FMLTweaker
[15:52:43] [main/INFO] [LaunchWrapper]: Using primary tweak class name cpw.mods.fml.common.launcher.FMLTweaker
[15:52:43] [main/INFO] [LaunchWrapper]: Calling tweak class cpw.mods.fml.common.launcher.FMLTweaker
[15:52:46] [main/INFO] [GradleStart]: No arguments specified, assuming client.
[15:52:46] [main/INFO] [GradleStart]: Extra: []
[15:52:46] [main/INFO] [GradleStart]: Setting up virtual assets in: C:\Documents and Settings\daniel\.gradle\caches\minecraft\assets\virtual\legacy
[15:52:49] [main/INFO] [GradleStart]: Running with arguments: [--userProperties, {}, --username, ForgeDevName, --tweakClass, cpw.mods.fml.common.launcher.FMLTweaker, --accessToken, {REDACTED}, --assetIndex, legacy, --assetsDir, C:\Documents and Settings\daniel\.gradle\caches\minecraft\assets\virtual\legacy, --version, 1.7.2]
[15:52:49] [main/INFO] [LaunchWrapper]: Loading tweak class name cpw.mods.fml.common.launcher.FMLTweaker
[15:52:49] [main/INFO] [LaunchWrapper]: Using primary tweak class name cpw.mods.fml.common.launcher.FMLTweaker
[15:52:49] [main/INFO] [LaunchWrapper]: Calling tweak class cpw.mods.fml.common.launcher.FMLTweaker
[16:15:01] [main/INFO] [GradleStart]: No arguments specified, assuming client.
[16:15:01] [main/INFO] [GradleStart]: Extra: []
[16:15:01] [main/INFO] [GradleStart]: Setting up virtual assets in: C:\Documents and Settings\daniel\.gradle\caches\minecraft\assets\virtual\legacy
[16:15:04] [main/INFO] [GradleStart]: Running with arguments: [--userProperties, {}, --username, ForgeDevName, --tweakClass, cpw.mods.fml.common.launcher.FMLTweaker, --accessToken, {REDACTED}, --assetIndex, legacy, --assetsDir, C:\Documents and Settings\daniel\.gradle\caches\minecraft\assets\virtual\legacy, --version, 1.7.2]
[16:15:04] [main/INFO] [LaunchWrapper]: Loading tweak class name cpw.mods.fml.common.launcher.FMLTweaker
[16:15:04] [main/INFO] [LaunchWrapper]: Using primary tweak class name cpw.mods.fml.common.launcher.FMLTweaker
[16:15:04] [main/INFO] [LaunchWrapper]: Calling tweak class cpw.mods.fml.common.launcher.FMLTweaker
[16:46:34] [main/INFO] [GradleStart]: No arguments specified, assuming client.
[16:46:34] [main/INFO] [GradleStart]: Extra: []
[16:46:34] [main/INFO] [GradleStart]: Setting up virtual assets in: C:\Documents and Settings\daniel\.gradle\caches\minecraft\assets\virtual\legacy
[16:46:36] [main/INFO] [GradleStart]: Running with arguments: [--userProperties, {}, --username, ForgeDevName, --tweakClass, cpw.mods.fml.common.launcher.FMLTweaker, --accessToken, {REDACTED}, --assetIndex, legacy, --assetsDir, C:\Documents and Settings\daniel\.gradle\caches\minecraft\assets\virtual\legacy, --version, 1.7.2]
[16:46:36] [main/INFO] [LaunchWrapper]: Loading tweak class name cpw.mods.fml.common.launcher.FMLTweaker
[16:46:36] [main/INFO] [LaunchWrapper]: Using primary tweak class name cpw.mods.fml.common.launcher.FMLTweaker
[16:46:36] [main/INFO] [LaunchWrapper]: Calling tweak class cpw.mods.fml.common.launcher.FMLTweaker
