[17:46:16] [Server thread/INFO]: Starting minecraft server version 1.7.10
[17:46:16] [Server thread/WARN]: To start the server with more ram, launch it as "java -Xmx1024M -Xms1024M -jar minecraft_server.jar"
[17:46:49] [Server thread/ERROR]: Encountered an unexpected exception
cpw.mods.fml.common.LoaderException: java.lang.ClassNotFoundException: com/iggiiguana/WoodenAmour/proxy//ServerProxy
	at cpw.mods.fml.common.ProxyInjector.inject(ProxyInjector.java:76) ~[ProxyInjector.class:?]
	at cpw.mods.fml.common.FMLModContainer.constructMod(FMLModContainer.java:492) ~[FMLModContainer.class:?]
	at sun.reflect.NativeMethodAccessorImpl.invoke0(Native Method) ~[?:1.7.0_65]
	at sun.reflect.NativeMethodAccessorImpl.invoke(NativeMethodAccessorImpl.java:57) ~[?:1.7.0_65]
	at sun.reflect.DelegatingMethodAccessorImpl.invoke(DelegatingMethodAccessorImpl.java:43) ~[?:1.7.0_65]
	at java.lang.reflect.Method.invoke(Method.java:606) ~[?:1.7.0_65]
	at com.google.common.eventbus.EventSubscriber.handleEvent(EventSubscriber.java:74) ~[guava-17.0.jar:?]
	at com.google.common.eventbus.SynchronizedEventSubscriber.handleEvent(SynchronizedEventSubscriber.java:47) ~[guava-17.0.jar:?]
	at com.google.common.eventbus.EventBus.dispatch(EventBus.java:322) ~[guava-17.0.jar:?]
	at com.google.common.eventbus.EventBus.dispatchQueuedEvents(EventBus.java:304) ~[guava-17.0.jar:?]
	at com.google.common.eventbus.EventBus.post(EventBus.java:275) ~[guava-17.0.jar:?]
	at cpw.mods.fml.common.LoadController.sendEventToModContainer(LoadController.java:208) ~[LoadController.class:?]
	at cpw.mods.fml.common.LoadController.propogateStateMessage(LoadController.java:187) ~[LoadController.class:?]
	at sun.reflect.NativeMethodAccessorImpl.invoke0(Native Method) ~[?:1.7.0_65]
	at sun.reflect.NativeMethodAccessorImpl.invoke(NativeMethodAccessorImpl.java:57) ~[?:1.7.0_65]
	at sun.reflect.DelegatingMethodAccessorImpl.invoke(DelegatingMethodAccessorImpl.java:43) ~[?:1.7.0_65]
	at java.lang.reflect.Method.invoke(Method.java:606) ~[?:1.7.0_65]
	at com.google.common.eventbus.EventSubscriber.handleEvent(EventSubscriber.java:74) ~[guava-17.0.jar:?]
	at com.google.common.eventbus.SynchronizedEventSubscriber.handleEvent(SynchronizedEventSubscriber.java:47) ~[guava-17.0.jar:?]
	at com.google.common.eventbus.EventBus.dispatch(EventBus.java:322) ~[guava-17.0.jar:?]
	at com.google.common.eventbus.EventBus.dispatchQueuedEvents(EventBus.java:304) ~[guava-17.0.jar:?]
	at com.google.common.eventbus.EventBus.post(EventBus.java:275) ~[guava-17.0.jar:?]
	at cpw.mods.fml.common.LoadController.distributeStateMessage(LoadController.java:118) ~[LoadController.class:?]
	at cpw.mods.fml.common.Loader.loadMods(Loader.java:492) ~[Loader.class:?]
	at cpw.mods.fml.server.FMLServerHandler.beginServerLoading(FMLServerHandler.java:87) ~[FMLServerHandler.class:?]
	at cpw.mods.fml.common.FMLCommonHandler.onServerStart(FMLCommonHandler.java:313) ~[FMLCommonHandler.class:?]
	at net.minecraft.server.dedicated.DedicatedServer.startServer(DedicatedServer.java:120) ~[DedicatedServer.class:?]
	at net.minecraft.server.MinecraftServer.run(MinecraftServer.java:455) [MinecraftServer.class:?]
	at net.minecraft.server.MinecraftServer$2.run(MinecraftServer.java:762) [MinecraftServer$2.class:?]
Caused by: java.lang.ClassNotFoundException: com/iggiiguana/WoodenAmour/proxy//ServerProxy
	at java.lang.Class.forName0(Native Method) ~[?:1.7.0_65]
	at java.lang.Class.forName(Class.java:270) ~[?:1.7.0_65]
	at cpw.mods.fml.common.ProxyInjector.inject(ProxyInjector.java:59) ~[ProxyInjector.class:?]
	... 28 more
[17:46:49] [Server thread/ERROR]: This crash report has been saved to: C:\Documents and Settings\daniel\Desktop\Projects programing\Minecraft\1.7\My_First_Mod\eclipse\.\crash-reports\crash-2014-07-25_17.46.49-server.txt
